2023-09-15 02:11:48 Request URI: /lemon_project/
2023-09-15 02:11:48 Page not found for URL: /lemon_project/
2023-09-15 02:11:54 Request URI: /lemon_project/
2023-09-15 02:11:54 Page not found for URL: /lemon_project/
2023-09-15 02:13:09 Request URI: /lemon_project/
2023-09-15 02:13:09 Page not found for URL: /lemon_project/
2023-09-15 02:13:44 Request URI: /lemon_project/
2023-09-15 02:13:44 Page not found for URL: /lemon_project/
2023-09-15 02:16:27 Request URI: /lemon_project/
2023-09-15 02:16:27 Page not found for URL: /lemon_project/
2023-09-15 02:18:56 Request URI: /lemon_project/
2023-09-15 02:18:56 Page not found for URL: /lemon_project/
2023-09-15 02:18:58 Request URI: /lemon_project/
2023-09-15 02:18:58 Page not found for URL: /lemon_project/
2023-09-15 02:18:58 Request URI: /lemon_project/
2023-09-15 02:18:58 Page not found for URL: /lemon_project/
2023-09-15 02:19:08 Request URI: /lemon_project/
2023-09-15 02:19:08 Page not found for URL: /lemon_project/
2023-09-15 02:19:08 Request URI: /lemon_project/
2023-09-15 02:19:08 Page not found for URL: /lemon_project/
2023-09-15 02:19:08 Request URI: /lemon_project/
2023-09-15 02:19:08 Page not found for URL: /lemon_project/
2023-09-15 02:19:27 Request URI: /lemon_project/
2023-09-15 02:19:27 Page not found for URL: /lemon_project/
2023-09-15 02:19:28 Request URI: /lemon_project/
2023-09-15 02:19:28 Page not found for URL: /lemon_project/
2023-09-15 02:19:34 Request URI: /lemon_project/
2023-09-15 02:19:34 Page not found for URL: /lemon_project/
2023-09-15 02:19:41 Request URI: /lemon_project/
2023-09-15 02:19:41 Page not found for URL: /lemon_project/
2023-09-15 02:19:42 Request URI: /lemon_project/
2023-09-15 02:19:42 Page not found for URL: /lemon_project/
2023-09-15 02:19:42 Request URI: /lemon_project/
2023-09-15 02:19:42 Page not found for URL: /lemon_project/
2023-09-15 02:19:42 Request URI: /lemon_project/
2023-09-15 02:19:42 Page not found for URL: /lemon_project/
2023-09-15 02:19:42 Request URI: /lemon_project/
2023-09-15 02:19:42 Page not found for URL: /lemon_project/
2023-09-15 02:22:41 Request URI: /lemon_project/
2023-09-15 02:22:41 Page not found for URL: /lemon_project/
2023-09-15 02:22:43 Request URI: /lemon_project/login
2023-09-15 02:22:43 Page not found for URL: /lemon_project/login
2023-09-15 02:22:45 Request URI: /lemon_project/login
2023-09-15 02:22:45 Page not found for URL: /lemon_project/login
2023-09-15 02:22:45 Request URI: /lemon_project/login
2023-09-15 02:22:45 Page not found for URL: /lemon_project/login
2023-09-15 02:22:46 Request URI: /lemon_project/login
2023-09-15 02:22:46 Page not found for URL: /lemon_project/login
2023-09-15 02:23:32 Request URI: /lemon_project/login
2023-09-15 02:23:32 Page not found for URL: /lemon_project/login
2023-09-15 02:23:33 Request URI: /lemon_project/login
2023-09-15 02:23:33 Page not found for URL: /lemon_project/login
2023-09-15 02:23:33 Request URI: /lemon_project/login
2023-09-15 02:23:33 Page not found for URL: /lemon_project/login
2023-09-15 02:23:33 Request URI: /lemon_project/login
2023-09-15 02:23:33 Page not found for URL: /lemon_project/login
2023-09-15 02:27:31 Request URI: /lemon_project/
2023-09-15 02:27:31 Page not found for URL: /lemon_project/
2023-09-15 02:30:04 Request URI: /lemon_project/
2023-09-15 02:30:04 Page not found for URL: /lemon_project/
2023-09-15 02:30:04 Request URI: /lemon_project/
2023-09-15 02:30:04 Page not found for URL: /lemon_project/
2023-09-15 02:30:04 Request URI: /lemon_project/
2023-09-15 02:30:04 Page not found for URL: /lemon_project/
2023-09-15 02:30:05 Request URI: /lemon_project/
2023-09-15 02:30:05 Page not found for URL: /lemon_project/
2023-09-15 02:30:05 Request URI: /lemon_project/
2023-09-15 02:30:05 Page not found for URL: /lemon_project/
2023-09-15 03:10:07 Request URI: 
2023-09-15 03:10:43 Request URI: 
2023-09-15 03:10:44 Request URI: 
2023-09-15 03:11:16 Request URI: 
2023-09-15 03:11:16 Request URI: /lemon_project/
2023-09-15 03:11:17 Request URI: 
2023-09-15 03:11:17 Request URI: /lemon_project/
2023-09-15 03:11:25 Request URI: /lemon_project/
2023-09-15 03:11:25 Request URI: /lemon_project/
2023-09-15 03:11:26 Request URI: /lemon_project/
2023-09-15 03:11:26 Request URI: /lemon_project/
2023-09-15 03:11:28 Request URI: /lemon_project/
2023-09-15 03:11:28 Request URI: /lemon_project/
2023-09-15 03:11:38 Request URI: /lemon_project/
2023-09-15 03:11:38 Request URI: /lemon_project/
2023-09-15 03:13:01 Request URI: 
2023-09-15 03:13:02 Request URI: 
2023-09-15 03:13:02 Request URI: 
2023-09-15 03:13:15 Request URI: /lemon_project/
2023-09-15 03:13:16 Request URI: /lemon_project/
2023-09-15 04:46:28 Request URI: 
2023-09-15 04:46:34 Request URI: 
2023-09-15 04:46:38 Request URI: 
2023-09-15 04:48:12 Request URI: 
2023-09-15 04:48:15 Request URI: 
2023-09-15 04:48:25 Request URI: 
2023-09-15 04:48:27 Request URI: 
2023-09-15 04:49:13 Request URI: 
2023-09-15 04:49:27 Request URI: 
2023-09-15 04:49:39 Request URI: 
2023-09-15 04:50:04 Request URI: /lemon_project/login
2023-09-15 04:51:06 Request URI: /lemon_project/login
2023-09-15 04:56:39 Request URI: /lemon_project/login
2023-09-15 04:56:40 Request URI: /lemon_project/login
2023-09-15 04:56:41 Request URI: /lemon_project/login
